{
  "0 debug pnpm:scope": {
    "selected": 1
  },
  "1 error pnpm": {
    "code": "ELIFECYCLE",
    "errno": "ENOENT",
    "syscall": "spawn",
    "file": "sh",
    "pkgid": "gtx-react@2.0.0",
    "stage": "dev",
    "script": "next \"--\" \"--port\" \"7000\"",
    "pkgname": "gtx-react",
    "err": {
      "name": "pnpm",
      "message": "gtx-react@2.0.0 dev: `next \"--\" \"--port\" \"7000\"`\nspawn ENOENT",
      "code": "ELIFECYCLE",
      "stack": "pnpm: gtx-react@2.0.0 dev: `next \"--\" \"--port\" \"7000\"`\nspawn ENOENT\n    at ChildProcess.<anonymous> (/usr/local/lib/node_modules/pnpm/dist/pnpm.cjs:93455:22)\n    at ChildProcess.emit (node:events:527:28)\n    at maybeClose (node:internal/child_process:1092:16)\n    at Process.ChildProcess._handle.onexit (node:internal/child_process:302:5)"
    }
  },
  "2 warn pnpm:global": " Local package.json exists, but node_modules missing, did you mean to install?"
}